Using pre-set license
Built from '2021.3/release' branch; Version is '2021.3.17f1 (3e8111cac19d) revision 4096273'; Using compiler version '192829333'; Build Type 'Release'
OS: 'Windows 11  (10.0.22621) 64bit Core' Language: 'en' Physical Memory: 32694 MB
BatchMode: 1, IsHumanControllingUs: 0, StartBugReporterOnCrash: 0, Is64bit: 1, IsPro: 1

COMMAND LINE ARGUMENTS:
F:\Unity\Unity 2021.3.17f1\Editor\Unity.exe
-adb2
-batchMode
-noUpm
-name
AssetImportWorker0
-projectPath
F:/Finished Unity/Horror Guard/HorrorWIthGuard/HorrorWithGuard
-logFile
Logs/AssetImportWorker0.log
-srvPort
64803
Successfully changed project path to: F:/Finished Unity/Horror Guard/HorrorWIthGuard/HorrorWithGuard
F:/Finished Unity/Horror Guard/HorrorWIthGuard/HorrorWithGuard
[UnityMemory] Configuration Parameters - Can be set up in boot.config
    "memorysetup-bucket-allocator-granularity=16"
    "memorysetup-bucket-allocator-bucket-count=8"
    "memorysetup-bucket-allocator-block-size=33554432"
    "memorysetup-bucket-allocator-block-count=8"
    "memorysetup-main-allocator-block-size=16777216"
    "memorysetup-thread-allocator-block-size=16777216"
    "memorysetup-gfx-main-allocator-block-size=16777216"
    "memorysetup-gfx-thread-allocator-block-size=16777216"
    "memorysetup-cache-allocator-block-size=4194304"
    "memorysetup-typetree-allocator-block-size=2097152"
    "memorysetup-profiler-bucket-allocator-granularity=16"
    "memorysetup-profiler-bucket-allocator-bucket-count=8"
    "memorysetup-profiler-bucket-allocator-block-size=33554432"
    "memorysetup-profiler-bucket-allocator-block-count=8"
    "memorysetup-profiler-allocator-block-size=16777216"
    "memorysetup-profiler-editor-allocator-block-size=1048576"
    "memorysetup-temp-allocator-size-main=16777216"
    "memorysetup-job-temp-allocator-block-size=2097152"
    "memorysetup-job-temp-allocator-block-size-background=1048576"
    "memorysetup-job-temp-allocator-reduction-small-platforms=262144"
    "memorysetup-temp-allocator-size-background-worker=32768"
    "memorysetup-temp-allocator-size-job-worker=262144"
    "memorysetup-temp-allocator-size-preload-manager=33554432"
    "memorysetup-temp-allocator-size-nav-mesh-worker=65536"
    "memorysetup-temp-allocator-size-audio-worker=65536"
    "memorysetup-temp-allocator-size-cloud-worker=32768"
    "memorysetup-temp-allocator-size-gi-baking-worker=262144"
    "memorysetup-temp-allocator-size-gfx=262144"
Player connection [12376] Host "[IP] 10.115.208.22 [Port] 0 [Flags] 2 [Guid] 4167304214 [EditorId] 4167304214 [Version] 1048832 [Id] WindowsEditor(7,Asus) [Debug] 1 [PackageName] WindowsEditor [ProjectName] Editor" joined multi-casting on [225.0.0.222:54997]...

Player connection [12376] Host "[IP] 10.115.208.22 [Port] 0 [Flags] 2 [Guid] 4167304214 [EditorId] 4167304214 [Version] 1048832 [Id] WindowsEditor(7,Asus) [Debug] 1 [PackageName] WindowsEditor [ProjectName] Editor" joined alternative multi-casting on [225.0.0.222:34997]...

Refreshing native plugins compatible for Editor in 100.49 ms, found 3 plugins.
Preloading 0 native plugins for Editor in 0.00 ms.
Initialize engine version: 2021.3.17f1 (3e8111cac19d)
[Subsystems] Discovering subsystems at path F:/Unity/Unity 2021.3.17f1/Editor/Data/Resources/UnitySubsystems
[Subsystems] Discovering subsystems at path F:/Finished Unity/Horror Guard/HorrorWIthGuard/HorrorWithGuard/Assets
GfxDevice: creating device client; threaded=0; jobified=0
Direct3D:
    Version:  Direct3D 11.0 [level 11.1]
    Renderer: NVIDIA GeForce GTX 1070 Ti (ID=0x1b82)
    Vendor:   NVIDIA
    VRAM:     8079 MB
    Driver:   30.0.14.9709
Initialize mono
Mono path[0] = 'F:/Unity/Unity 2021.3.17f1/Editor/Data/Managed'
Mono path[1] = 'F:/Unity/Unity 2021.3.17f1/Editor/Data/MonoBleedingEdge/lib/mono/unityjit-win32'
Mono config path = 'F:/Unity/Unity 2021.3.17f1/Editor/Data/MonoBleedingEdge/etc'
Using monoOptions --debugger-agent=transport=dt_socket,embedding=1,server=y,suspend=n,address=127.0.0.1:56092
Begin MonoManager ReloadAssembly
Registering precompiled unity dll's ...
Register platform support module: F:/Unity/Unity 2021.3.17f1/Editor/Data/PlaybackEngines/WindowsStandaloneSupport/UnityEditor.WindowsStandalone.Extensions.dll
Registered in 0.012357 seconds.
Native extension for WindowsStandalone target not found
Refreshing native plugins compatible for Editor in 93.16 ms, found 3 plugins.
Preloading 0 native plugins for Editor in 0.00 ms.
Mono: successfully reloaded assembly
- Completed reload, in  0.754 seconds
Domain Reload Profiling:
	ReloadAssembly (755ms)
		BeginReloadAssembly (101ms)
			ExecutionOrderSort (0ms)
			DisableScriptedObjects (0ms)
			BackupInstance (0ms)
			ReleaseScriptingObjects (0ms)
			CreateAndSetChildDomain (1ms)
		EndReloadAssembly (530ms)
			LoadAssemblies (95ms)
			RebuildTransferFunctionScriptingTraits (0ms)
			SetupTypeCache (149ms)
			ReleaseScriptCaches (0ms)
			RebuildScriptCaches (41ms)
			SetupLoadedEditorAssemblies (273ms)
				LogAssemblyErrors (0ms)
				InitializePlatformSupportModulesInManaged (10ms)
				SetLoadedEditorAssemblies (0ms)
				RefreshPlugins (93ms)
				BeforeProcessingInitializeOnLoad (1ms)
				ProcessInitializeOnLoadAttributes (126ms)
				ProcessInitializeOnLoadMethodAttributes (42ms)
				AfterProcessingInitializeOnLoad (0ms)
				EditorAssembliesLoaded (0ms)
			ExecutionOrderSort2 (0ms)
			AwakeInstancesAfterBackupRestoration (0ms)
Platform modules already initialized, skipping
Registering precompiled user dll's ...
Registered in 0.010814 seconds.
Begin MonoManager ReloadAssembly
Native extension for WindowsStandalone target not found
Refreshing native plugins compatible for Editor in 0.92 ms, found 3 plugins.
Preloading 0 native plugins for Editor in 0.00 ms.
Mono: successfully reloaded assembly
- Completed reload, in  1.140 seconds
Domain Reload Profiling:
	ReloadAssembly (1141ms)
		BeginReloadAssembly (139ms)
			ExecutionOrderSort (0ms)
			DisableScriptedObjects (5ms)
			BackupInstance (0ms)
			ReleaseScriptingObjects (0ms)
			CreateAndSetChildDomain (19ms)
		EndReloadAssembly (865ms)
			LoadAssemblies (121ms)
			RebuildTransferFunctionScriptingTraits (0ms)
			SetupTypeCache (262ms)
			ReleaseScriptCaches (1ms)
			RebuildScriptCaches (60ms)
			SetupLoadedEditorAssemblies (397ms)
				LogAssemblyErrors (0ms)
				InitializePlatformSupportModulesInManaged (7ms)
				SetLoadedEditorAssemblies (1ms)
				RefreshPlugins (1ms)
				BeforeProcessingInitializeOnLoad (121ms)
				ProcessInitializeOnLoadAttributes (231ms)
				ProcessInitializeOnLoadMethodAttributes (21ms)
				AfterProcessingInitializeOnLoad (15ms)
				EditorAssembliesLoaded (0ms)
			ExecutionOrderSort2 (0ms)
			AwakeInstancesAfterBackupRestoration (6ms)
Platform modules already initialized, skipping
========================================================================
Worker process is ready to serve import requests
Launched and connected shader compiler UnityShaderCompiler.exe after 0.05 seconds
Refreshing native plugins compatible for Editor in 0.61 ms, found 3 plugins.
Preloading 0 native plugins for Editor in 0.00 ms.
Unloading 3380 Unused Serialized files (Serialized files now loaded: 0)
Unloading 27 unused Assets / (113.8 KB). Loaded Objects now: 3851.
Memory consumption went from 127.8 MB to 127.7 MB.
Total: 3.481600 ms (FindLiveObjects: 0.430800 ms CreateObjectMapping: 0.096100 ms MarkObjects: 2.825900 ms  DeleteObjects: 0.127800 ms)

AssetImportParameters requested are different than current active one (requested -> active):
  custom:video-decoder-ogg-theora: a1e56fd34408186e4bbccfd4996cb3dc -> 
  custom:container-muxer-webm: aa71ff27fc2769a1b78a27578f13a17b -> 
  custom:container-demuxer-webm: 4f35f7cbe854078d1ac9338744f61a02 -> 
  custom:video-encoder-webm-vp8: eb34c28f22e8b96e1ab97ce403110664 -> 
  custom:audio-encoder-webm-vorbis: bf7c407c2cedff20999df2af8eb42d56 -> 
  custom:framework-win-MediaFoundation: 216162199b28c13a410421893ffa2e32 -> 
  custom:container-demuxer-ogg: 62fdf1f143b41e24485cea50d1cbac27 -> 
  custom:video-decoder-webm-vp8: 9c59270c3fd7afecdb556c50c9e8de78 -> 
  custom:audio-decoder-ogg-vorbis: bf7c407c2cedff20999df2af8eb42d56 -> 
========================================================================
Received Import Request.
  Time since last request: 164395.230807 seconds.
  path: Assets/New Terrain.asset
  artifactKey: Guid(d9b93b0d3cad0f9458fb76a6e1850f9e) Importer(815301076,1909f56bfc062723c751e8b465ee728b)
Start importing Assets/New Terrain.asset using Guid(d9b93b0d3cad0f9458fb76a6e1850f9e) Importer(815301076,1909f56bfc062723c751e8b465ee728b)  -> (artifact id: '2b3f0082b2a6c8d64c112fd66bab6f3c') in 0.057771 seconds 
========================================================================
Received Import Request.
  Time since last request: 767.351708 seconds.
  path: Assets
  artifactKey: Guid(00000000000000001000000000000000) Importer(815301076,1909f56bfc062723c751e8b465ee728b)
Start importing Assets using Guid(00000000000000001000000000000000) Importer(815301076,1909f56bfc062723c751e8b465ee728b)  -> (artifact id: '79842766b460edbeab6a34051e857a80') in 0.007948 seconds 
========================================================================
Received Import Request.
  Time since last request: 5.755219 seconds.
  path: Assets/Mats
  artifactKey: Guid(2cdc44d82c344924bb53fc5a30126865) Importer(815301076,1909f56bfc062723c751e8b465ee728b)
Start importing Assets/Mats using Guid(2cdc44d82c344924bb53fc5a30126865) Importer(815301076,1909f56bfc062723c751e8b465ee728b)  -> (artifact id: '85f1c08449f62ad7c73c304a90ba7504') in 0.005701 seconds 
========================================================================
Received Import Request.
  Time since last request: 17.440113 seconds.
  path: Assets/Mats/NewSurfaceShader.shader
  artifactKey: Guid(1b1263deedbad6544b2212cd8414f708) Importer(815301076,1909f56bfc062723c751e8b465ee728b)
Start importing Assets/Mats/NewSurfaceShader.shader using Guid(1b1263deedbad6544b2212cd8414f708) Importer(815301076,1909f56bfc062723c751e8b465ee728b)  -> (artifact id: '8e4d9fb582c025f92f09f49b7d373b73') in 0.011439 seconds 
========================================================================
Received Import Request.
  Time since last request: 33.998662 seconds.
  path: Assets/Mats/New Material.mat
  artifactKey: Guid(4539c6d13e91e874f8f7ddc1a9e37327) Importer(815301076,1909f56bfc062723c751e8b465ee728b)
Start importing Assets/Mats/New Material.mat using Guid(4539c6d13e91e874f8f7ddc1a9e37327) Importer(815301076,1909f56bfc062723c751e8b465ee728b)  -> (artifact id: '70f729deef3754ea81e43927deec5671') in 0.175726 seconds 
========================================================================
Received Import Request.
  Time since last request: 2643.607307 seconds.
  path: Assets/Mats/New Material.mat
  artifactKey: Guid(4539c6d13e91e874f8f7ddc1a9e37327) Importer(815301076,1909f56bfc062723c751e8b465ee728b)
Start importing Assets/Mats/New Material.mat using Guid(4539c6d13e91e874f8f7ddc1a9e37327) Importer(815301076,1909f56bfc062723c751e8b465ee728b)  -> (artifact id: 'd67603e9f4f46eea5e83104d2470ca95') in 0.013026 seconds 
========================================================================
Received Import Request.
  Time since last request: 1176.450868 seconds.
  path: Assets/Mats/New Material 1.mat
  artifactKey: Guid(1bd4594a26159c244abb7e8a3dcf65e7) Importer(815301076,1909f56bfc062723c751e8b465ee728b)
Start importing Assets/Mats/New Material 1.mat using Guid(1bd4594a26159c244abb7e8a3dcf65e7) Importer(815301076,1909f56bfc062723c751e8b465ee728b)  -> (artifact id: 'b3b94c3da1b44ba4a6f80d33ae811309') in 0.014386 seconds 
========================================================================
Received Import Request.
  Time since last request: 24.469837 seconds.
  path: Assets/Mats/Wood Floor.jpg
  artifactKey: Guid(3c5b81b4fc4a0c849af4b8b530445a6a) Importer(815301076,1909f56bfc062723c751e8b465ee728b)
Start importing Assets/Mats/Wood Floor.jpg using Guid(3c5b81b4fc4a0c849af4b8b530445a6a) Importer(815301076,1909f56bfc062723c751e8b465ee728b)  -> (artifact id: '9207f455d4e7755047755835b5ec7445') in 0.033791 seconds 
========================================================================
Received Import Request.
  Time since last request: 358.081552 seconds.
  path: Assets/Mats/New Material 1.mat
  artifactKey: Guid(1bd4594a26159c244abb7e8a3dcf65e7) Importer(815301076,1909f56bfc062723c751e8b465ee728b)
Start importing Assets/Mats/New Material 1.mat using Guid(1bd4594a26159c244abb7e8a3dcf65e7) Importer(815301076,1909f56bfc062723c751e8b465ee728b)  -> (artifact id: '0e1c2c534ba4d18ecfc1a5f00c4956dd') in 0.023197 seconds 
========================================================================
Received Import Request.
  Time since last request: 1413.397176 seconds.
  path: Assets/Mats/Wood Floor.mat
  artifactKey: Guid(1bd4594a26159c244abb7e8a3dcf65e7) Importer(815301076,1909f56bfc062723c751e8b465ee728b)
Start importing Assets/Mats/Wood Floor.mat using Guid(1bd4594a26159c244abb7e8a3dcf65e7) Importer(815301076,1909f56bfc062723c751e8b465ee728b)  -> (artifact id: 'f03f656933a1b3159b449bf824733c4b') in 0.014055 seconds 
========================================================================
Received Import Request.
  Time since last request: 6.406899 seconds.
  path: Assets/Mats/Stone Wall.mat
  artifactKey: Guid(4539c6d13e91e874f8f7ddc1a9e37327) Importer(815301076,1909f56bfc062723c751e8b465ee728b)
Start importing Assets/Mats/Stone Wall.mat using Guid(4539c6d13e91e874f8f7ddc1a9e37327) Importer(815301076,1909f56bfc062723c751e8b465ee728b)  -> (artifact id: 'cf3138909e3d0c10d3093bc5696ee2d6') in 0.011887 seconds 
========================================================================
Received Import Request.
  Time since last request: 15.276854 seconds.
  path: Assets/Mats/Stone walls.png
  artifactKey: Guid(073c11fcab9ea0240b0e3e678a5b3d5e) Importer(815301076,1909f56bfc062723c751e8b465ee728b)
Start importing Assets/Mats/Stone walls.png using Guid(073c11fcab9ea0240b0e3e678a5b3d5e) Importer(815301076,1909f56bfc062723c751e8b465ee728b)  -> (artifact id: 'b0f46a3ba57ba3115da9f8012c93b5a7') in 0.018832 seconds 
========================================================================
Received Import Request.
  Time since last request: 7.804213 seconds.
  path: Assets/Mats/Tile maps
  artifactKey: Guid(c1623abfe40283e4abc87094da27d908) Importer(815301076,1909f56bfc062723c751e8b465ee728b)
Start importing Assets/Mats/Tile maps using Guid(c1623abfe40283e4abc87094da27d908) Importer(815301076,1909f56bfc062723c751e8b465ee728b)  -> (artifact id: 'eeb751990291fc68d5bee41239c53b25') in 0.006104 seconds 
========================================================================
Received Import Request.
  Time since last request: 89.658146 seconds.
  path: Assets/Items/hatchet.fbx
  artifactKey: Guid(6be036fb40da8474587a11ded33aa798) Importer(815301076,1909f56bfc062723c751e8b465ee728b)
Start importing Assets/Items/hatchet.fbx using Guid(6be036fb40da8474587a11ded33aa798) Importer(815301076,1909f56bfc062723c751e8b465ee728b)  -> (artifact id: '4b0382cc06a7c0e2b2e54b9bf81cf9e5') in 0.108246 seconds 
========================================================================
Received Import Request.
  Time since last request: 167.101405 seconds.
  path: Assets/Mats/New Material.mat
  artifactKey: Guid(ec2937ae06ede3548b579706f8865524) Importer(815301076,1909f56bfc062723c751e8b465ee728b)
Start importing Assets/Mats/New Material.mat using Guid(ec2937ae06ede3548b579706f8865524) Importer(815301076,1909f56bfc062723c751e8b465ee728b)  -> (artifact id: '97c266256dc3e1322169f676956425a4') in 0.011390 seconds 
========================================================================
Received Import Request.
  Time since last request: 48.494242 seconds.
  path: Assets/Mats/floor.png
  artifactKey: Guid(0e32eede70ec81646bfc7403bfbc3d7c) Importer(815301076,1909f56bfc062723c751e8b465ee728b)
Start importing Assets/Mats/floor.png using Guid(0e32eede70ec81646bfc7403bfbc3d7c) Importer(815301076,1909f56bfc062723c751e8b465ee728b)  -> (artifact id: '1bcaf462926d082c6cea4be0e8a6b42d') in 0.029835 seconds 
========================================================================
Received Import Request.
  Time since last request: 352.684686 seconds.
  path: Packages/com.unity.collab-proxy/Editor/Collaborate/Assets/Icons/added-file-dark.png
  artifactKey: Guid(1a4f52b613391cd449af3ad2e44affeb) Importer(815301076,1909f56bfc062723c751e8b465ee728b)
Start importing Packages/com.unity.collab-proxy/Editor/Collaborate/Assets/Icons/added-file-dark.png using Guid(1a4f52b613391cd449af3ad2e44affeb) Importer(815301076,1909f56bfc062723c751e8b465ee728b)  -> (artifact id: '5271b3575eefaa4bdba69992d4e8e35b') in 0.015780 seconds 
========================================================================
Received Import Request.
  Time since last request: 0.006482 seconds.
  path: Packages/com.unity.collab-proxy/Editor/Collaborate/Assets/Icons/back-dark.png
  artifactKey: Guid(8e3ec2dfd58b79842aa78376678a9a05) Importer(815301076,1909f56bfc062723c751e8b465ee728b)
Start importing Packages/com.unity.collab-proxy/Editor/Collaborate/Assets/Icons/back-dark.png using Guid(8e3ec2dfd58b79842aa78376678a9a05) Importer(815301076,1909f56bfc062723c751e8b465ee728b)  -> (artifact id: '0644cb4b070366505cbeb6366d6781cf') in 0.014956 seconds 
========================================================================
Received Import Request.
  Time since last request: 0.000020 seconds.
  path: Packages/com.unity.collab-proxy/Editor/Collaborate/Assets/Icons/back-light@2x.png
  artifactKey: Guid(f5c57327df0fa294c8209aa216435167) Importer(815301076,1909f56bfc062723c751e8b465ee728b)
Start importing Packages/com.unity.collab-proxy/Editor/Collaborate/Assets/Icons/back-light@2x.png using Guid(f5c57327df0fa294c8209aa216435167) Importer(815301076,1909f56bfc062723c751e8b465ee728b)  -> (artifact id: 'd2f75ddf09df99fe187db24f59536fc6') in 0.014297 seconds 
========================================================================
Received Import Request.
  Time since last request: 0.000020 seconds.
  path: Packages/com.unity.collab-proxy/Editor/Collaborate/Assets/Icons/back-dark@2x.png
  artifactKey: Guid(9c6313a5316f8a34b852bf94ff96e3ab) Importer(815301076,1909f56bfc062723c751e8b465ee728b)
Start importing Packages/com.unity.collab-proxy/Editor/Collaborate/Assets/Icons/back-dark@2x.png using Guid(9c6313a5316f8a34b852bf94ff96e3ab) Importer(815301076,1909f56bfc062723c751e8b465ee728b)  -> (artifact id: '75bc88bbdecf1f77ec14d26ad523698c') in 0.015944 seconds 
========================================================================
Received Import Request.
  Time since last request: 0.000030 seconds.
  path: Packages/com.unity.collab-proxy/Editor/Collaborate/Assets/Icons/back-light.png
  artifactKey: Guid(e676ab7aa99535447a763c9f88bf9260) Importer(815301076,1909f56bfc062723c751e8b465ee728b)
Start importing Packages/com.unity.collab-proxy/Editor/Collaborate/Assets/Icons/back-light.png using Guid(e676ab7aa99535447a763c9f88bf9260) Importer(815301076,1909f56bfc062723c751e8b465ee728b)  -> (artifact id: 'f9001ffb55173d70969bcb6ebf95ed69') in 0.019362 seconds 
========================================================================
Received Import Request.
  Time since last request: 0.000037 seconds.
  path: Packages/com.unity.collab-proxy/Editor/Collaborate/Assets/Icons/added-file-light.png
  artifactKey: Guid(397fff6c3885f8343bb65714f0064b5d) Importer(815301076,1909f56bfc062723c751e8b465ee728b)
Start importing Packages/com.unity.collab-proxy/Editor/Collaborate/Assets/Icons/added-file-light.png using Guid(397fff6c3885f8343bb65714f0064b5d) Importer(815301076,1909f56bfc062723c751e8b465ee728b)  -> (artifact id: 'ad3c0b53d57d33e7bcf3c846cc297252') in 0.016632 seconds 
========================================================================
Received Import Request.
  Time since last request: 94.245566 seconds.
  path: Assets/Mats/Stone Wall.mat
  artifactKey: Guid(4539c6d13e91e874f8f7ddc1a9e37327) Importer(815301076,1909f56bfc062723c751e8b465ee728b)
Start importing Assets/Mats/Stone Wall.mat using Guid(4539c6d13e91e874f8f7ddc1a9e37327) Importer(815301076,1909f56bfc062723c751e8b465ee728b)  -> (artifact id: '203c1a6e2db57776f7099602af7ce9e1') in 0.013982 seconds 
